Drill Listing
=============
Drill: .01181  Tool: 1  Feed: 95  Speed: 300
X 138385  Y 166141
X 176220  Y 188821
X 179724  Y 148425
X 184409  Y 149763
X 202566  Y 152913
X 309055  Y 245866
X 304921  Y 218110
X 301377  Y 255314
X 297244  Y 248818
X 293700  Y 225196
X 290157  Y 242322
X 221653  Y 252362
X 138385  Y 218700
X 138314  Y 248141
X 128976  Y 299685
X 138425  Y 293385
X 153543  Y 299685
X 162007  Y 301377
X 219291  Y 299015
X 270078  Y 291338
X 297685  Y 303574
X 304921  Y 291338
X 340354  Y 303740
X 337401  Y 343897
X 333858  Y 336220
X 326771  Y 362795
X 322047  Y 320275
X 318503  Y 359842
X 278346  Y 352165
X 265944  Y 362795
X 257677  Y 320275
X 257677  Y 343897
X 257677  Y 359842
X 257677  Y 352165
X 257677  Y 336220
X 235236  Y 346850
X 235236  Y 352165
X 234692  Y 362787
X 229133  Y 357007
X 229023  Y 364047
X 228740  Y 345669
X 228149  Y 339763
X 225787  Y 353346
X 223425  Y 357480
X 220472  Y 349212
X 220472  Y 339173
X 203937  Y 332677
X 196259  Y 353346
X 196259  Y 346259
X 193897  Y 357480
X 190944  Y 355118
X 183039  Y 361527
X 173228  Y 346259
X 173228  Y 336811
X 162007  Y 351574
X 158464  Y 355118
X 153543  Y 364566
X 147133  Y 348299
X 138314  Y 343259
X 132755  Y 356377
X 130755  Y 362157
X 128976  Y 323622
X 118897  Y 344409
X 116267  Y 348299
X 111968  Y 344409
X 109448  Y 341259
X 130755  Y 376645
X 133905  Y 389244
X 138314  Y 376645
X 142094  Y 382314
X 147133  Y 381685
X 155952  Y 376015
X 160992  Y 382944
X 166031  Y 372236
X 167921  Y 382874
X 172960  Y 373496
X 186811  Y 379330
X 198622  Y 389370
X 199212  Y 376377
X 203937  Y 382874
X 213905  Y 376015
X 217165  Y 367716
X 226464  Y 387354
X 226464  Y 370976
X 234055  Y 378740
X 236582  Y 375385
X 239370  Y 378740
X 245275  Y 387598
X 248818  Y 387007
X 248818  Y 378740
X 273622  Y 366338
X 299015  Y 381692
X 303149  Y 384055
X 330314  Y 366338
X 312598  Y 407677
X 294881  Y 393503
X 290157  Y 391141
X 281299  Y 407677
X 278346  Y 394685
X 276574  Y 391141
X 262992  Y 412401
X 252362  Y 394685
X 245275  Y 400000
X 242322  Y 391141
X 242251  Y 408771
X 235433  Y 406141
X 231653  Y 392913
X 213905  Y 408771
X 210125  Y 413811
X 207606  Y 411921
X 205086  Y 409401
X 192488  Y 411291
X 192488  Y 405622
X 176110  Y 413181
X 175480  Y 407511
X 166031  Y 400582
X 165401  Y 408771
X 162251  Y 407511
X 158472  Y 402472
X 149653  Y 400582
X 145874  Y 394283
X 145874  Y 411291
X 142094  Y 413181
X 130755  Y 437118
X 133905  Y 415070
X 133905  Y 433338
X 138314  Y 431448
X 153543  Y 426299
X 171700  Y 418850
X 174220  Y 416330
X 193307  Y 434251
X 212645  Y 423889
X 212645  Y 438377
X 220204  Y 423889
X 223354  Y 433858
X 232803  Y 430818
X 238472  Y 418220
X 239212  Y 433858
X 241622  Y 415070
X 241622  Y 421370
X 257480  Y 418740
X 266818  Y 438377
X 276574  Y 424803
X 290157  Y 438385
X 326771  Y 427165
X 327952  Y 430708
X 336740  Y 430708
X 339259  Y 427165
X 263779  Y 442047
X 249291  Y 450866
X 239102  Y 459795
X 231653  Y 442047
X 226503  Y 440897
X 220834  Y 440897
X 217685  Y 459165
X 207606  Y 459165
X 193307  Y 445472
X 192125  Y 450787
X 185559  Y 447834
X 181779  Y 440267
X 170275  Y 463779
X 168551  Y 456015
X 158472  Y 459795
X 137795  Y 443417
X 131385  Y 450976
X 134535  Y 480582
X 149653  Y 472393
X 157212  Y 484362
X 160362  Y 487511
X 173700  Y 484881
X 182677  Y 485629
X 206976  Y 480582
X 217685  Y 466724
X 220834  Y 478062
X 226503  Y 478062
X 230393  Y 473543
X 336220  Y 477952
X 295165  Y 511448
X 258629  Y 517748
X 239732  Y 512708
X 234055  Y 520472
X 197409  Y 512708
X 187401  Y 530511
X 185629  Y 491535
X 174330  Y 520787
X 170275  Y 495078

Drill: .01969  Tool: 2  Feed: 95  Speed: 300
X 330755  Y 567629 X 330755  Y 564874
X 302409  Y 567629 X 302409  Y 564874

Drill: .02362  Tool: 3  Feed: 197  Speed: 550
X 109436  Y 109639
X 109436  Y 129639
X 289436  Y 89639
X 309436  Y 89639
X 329436  Y 89639
X 349436  Y 89639
X 349436  Y 169639
X 249436  Y 169639
X 229436  Y 169639
X 162992  Y 183779
X 146062  Y 160826
X 109436  Y 169639
X 109436  Y 149639
X 129436  Y 189639
X 129436  Y 209639
X 149436  Y 209639
X 149436  Y 229639
X 193897  Y 189763
X 229436  Y 189639
X 229436  Y 229639
X 269488  Y 222834
X 349436  Y 189639
X 349436  Y 209639
X 269488  Y 242322
X 268897  Y 264173
X 241141  Y 313188
X 190944  Y 300196
X 149436  Y 289639
X 149436  Y 269639
X 149436  Y 309639
X 129436  Y 289639
X 122440  Y 306102
X 117716  Y 254724
X 128937  Y 340944
X 147834  Y 340944
X 149436  Y 329639
X 169436  Y 349639
X 171456  Y 328543
X 179724  Y 327362
X 180905  Y 339173
X 203937  Y 343149
X 333858  Y 378149
X 257677  Y 377559
X 250000  Y 371653
X 185039  Y 394094
X 150787  Y 376377
X 146062  Y 387598
X 118897  Y 401771
X 109448  Y 395275
X 108267  Y 449015
X 194488  Y 464960
X 248228  Y 481496
X 273622  Y 457874
X 300196  Y 449015
X 315322  Y 519637
X 309436  Y 489639
X 309436  Y 529639
X 162881  Y 516488
X 149436  Y 509639
X 129436  Y 529639
X 116535  Y 498622
X 109436  Y 529639
X 269436  Y 549639
X 289436  Y 549639
X 329436  Y 549639

Drill: .02756  Tool: 4  Feed: 197  Speed: 550
X 307035  Y 555818
X 326129  Y 555818

Drill: .02953  Tool: 5  Feed: 197  Speed: 550
X 153025  Y 184139

Drill: .035  Tool: 6  Feed: 197  Speed: 550
X 319409  Y 387047
X 329409  Y 387047
X 329409  Y 397047
X 329409  Y 407047
X 319409  Y 397047
X 319409  Y 407047
X 135354  Y 529606
X 145196  Y 529606
X 153070  Y 529606
X 162913  Y 529606

Drill: .03937  Tool: 7  Feed: 197  Speed: 550
X 320000  Y 235000
X 320000  Y 225000
X 330000  Y 235000
X 330000  Y 225000
X 340000  Y 235000
X 340000  Y 225000
X 350000  Y 235000
X 350000  Y 225000
X 350000  Y 255000
X 350000  Y 265000
X 340000  Y 255000
X 340000  Y 265000
X 330000  Y 255000
X 330000  Y 265000
X 320000  Y 255000
X 320000  Y 265000
X 239763  Y 240551
X 220078  Y 240551
X 113944  Y 356763
X 123944  Y 356763
X 214260  Y 290110
X 224260  Y 290110
X 234260  Y 290110
X 244260  Y 290110
X 123944  Y 366763
X 123944  Y 386763
X 123944  Y 376763
X 123944  Y 407944
X 113944  Y 376763
X 113944  Y 386763
X 113944  Y 407944
X 113944  Y 366763
X 113944  Y 417944
X 113944  Y 437944
X 113944  Y 427944
X 113944  Y 459125
X 123944  Y 417944
X 123944  Y 427944
X 123944  Y 437944
X 123944  Y 459125
X 339811  Y 487511
X 329811  Y 487511
X 319811  Y 487511
X 264260  Y 500110
X 254260  Y 500110
X 244260  Y 500110
X 234260  Y 500110
X 224260  Y 500110
X 214260  Y 500110
X 204260  Y 500110
X 194260  Y 500110
X 124259  Y 510110
X 123944  Y 479125
X 123944  Y 489125
X 123944  Y 469125
X 114259  Y 510110
X 113944  Y 469125
X 113944  Y 479125
X 113944  Y 489125

Drill: .04134  Tool: 8  Feed: 139  Speed: 550
X 163604  Y 173561

Drill: .04724  Tool: 9  Feed: 139  Speed: 550
X 212448  Y 188692
X 212448  Y 169007
X 261661  Y 188692
X 261661  Y 169007
X 287251  Y 188692
X 287251  Y 169007
X 336464  Y 188692
X 336464  Y 169007

Drill: .05906  Tool: 10  Feed: 107  Speed: 550
X 121574  Y 537322 X 121574  Y 543228
X 176692  Y 537322 X 176692  Y 543228
X 205236  Y 533543 X 250511  Y 533543

Drill: .07087  Tool: 11  Feed: 81  Speed: 550
X 237055  Y 161133
X 237055  Y 196566
X 311858  Y 196566
X 311858  Y 161133

End of Listing
